2022-03-22T06:43:41.950Z ERROR 401 - Internal server error
2023-01-20T21:51:37.000Z ERROR 404 - OK
2022-02-18T14:38:46.988Z ERROR 500 - Internal server error
2023-06-21T01:28:27.627Z WARNING 200 - Unauthorized access attempt
2023-08-19T04:51:09.274Z ERROR 503 - Internal server error
2023-07-03T09:09:51.303Z INFO 404 - Unauthorized access attempt
2022-08-18T06:18:30.591Z INFO 500 - Unauthorized access attempt
2023-11-24T09:40:38.603Z WARNING 200 - Internal server error
2023-11-05T10:45:13.601Z WARNING 404 - Internal server error
2023-04-09T23:04:39.240Z INFO 503 - Page not found
2022-06-24T06:20:28.831Z ERROR 401 - Page not found
2022-10-10T13:36:39.714Z INFO 404 - Unauthorized access attempt
2023-01-05T10:05:50.814Z INFO 503 - Service unavailable
2023-01-09T08:19:19.227Z INFO 503 - Unauthorized access attempt
2023-12-16T18:46:42.545Z INFO 200 - Unauthorized access attempt
2022-11-20T10:26:28.141Z WARNING 503 - Internal server error
2022-07-17T02:11:31.955Z ERROR 401 - Service unavailable
2022-08-06T23:30:53.143Z WARNING 503 - Service unavailable
2023-06-16T18:02:12.577Z ERROR 401 - OK
2023-11-11T13:58:42.930Z WARNING 404 - Internal server error
2023-01-02T22:22:28.547Z ERROR 500 - Page not found
2022-05-21T14:30:16.186Z WARNING 401 - Unauthorized access attempt
2023-10-31T20:33:19.396Z ERROR 401 - OK
2022-03-15T07:27:40.437Z ERROR 500 - Service unavailable
2022-09-23T22:35:40.927Z ERROR 404 - OK
2022-02-17T08:39:10.125Z WARNING 200 - OK
2023-03-03T00:35:40.349Z INFO 404 - Unauthorized access attempt
2023-07-24T05:31:21.460Z WARNING 500 - Service unavailable
2023-02-27T06:32:27.853Z WARNING 401 - Service unavailable
2022-06-09T19:09:20.816Z INFO 503 - Service unavailable
2023-07-31T22:37:55.369Z INFO 200 - OK
2022-01-07T03:53:25.472Z INFO 404 - Page not found
2022-05-08T16:31:11.906Z WARNING 401 - OK
2022-09-07T07:45:05.894Z ERROR 401 - OK
2023-12-05T14:03:07.499Z ERROR 500 - Internal server error
2022-02-16T16:48:47.864Z WARNING 503 - OK
2023-09-10T08:57:31.917Z INFO 200 - Page not found
2022-10-19T18:48:34.276Z INFO 401 - Unauthorized access attempt
2022-01-14T08:32:54.858Z ERROR 503 - Service unavailable
2022-08-25T12:45:07.406Z WARNING 500 - Service unavailable
2023-10-18T21:01:53.968Z ERROR 404 - Unauthorized access attempt
2023-04-18T10:25:47.127Z WARNING 404 - Page not found
2022-11-30T23:05:51.717Z WARNING 500 - Page not found
2023-02-22T19:46:13.112Z WARNING 401 - Internal server error
2022-11-01T20:08:28.926Z ERROR 404 - Service unavailable
2022-02-13T15:46:00.541Z INFO 503 - OK
2022-05-16T15:55:30.074Z ERROR 500 - Page not found
2022-09-02T06:03:23.959Z INFO 404 - Page not found
2022-11-01T14:39:05.571Z INFO 503 - Internal server error
2022-01-22T18:28:10.074Z ERROR 401 - Unauthorized access attempt
2023-06-29T00:26:33.984Z WARNING 503 - Page not found
2022-03-31T16:03:52.465Z WARNING 404 - OK
2023-07-31T02:47:32.590Z ERROR 200 - Unauthorized access attempt
2022-07-26T09:07:59.289Z WARNING 401 - OK
2022-03-17T02:24:37.555Z WARNING 401 - Page not found
2022-10-04T18:51:18.763Z WARNING 200 - Unauthorized access attempt
2023-08-11T12:10:29.734Z WARNING 503 - Page not found
2023-05-26T09:18:04.175Z INFO 503 - Unauthorized access attempt
2022-07-18T16:16:23.721Z ERROR 200 - OK
2022-12-24T09:48:15.673Z WARNING 404 - Unauthorized access attempt
2023-03-29T18:21:49.123Z ERROR 500 - OK
2022-09-04T05:47:42.421Z WARNING 200 - Page not found
2022-09-04T19:31:25.340Z INFO 401 - OK
2022-08-09T00:07:51.170Z ERROR 200 - Internal server error
2023-12-20T19:40:57.195Z ERROR 200 - OK
2022-01-19T13:54:55.194Z INFO 500 - Unauthorized access attempt
2022-06-16T16:28:22.262Z WARNING 200 - Unauthorized access attempt
2022-10-07T13:50:28.438Z INFO 200 - Service unavailable
2022-01-19T05:26:38.005Z ERROR 500 - Unauthorized access attempt
2023-05-07T00:26:14.157Z ERROR 200 - OK
2022-07-18T16:14:34.349Z ERROR 404 - OK
2022-07-11T00:47:01.462Z ERROR 404 - Service unavailable
2023-07-01T17:20:43.443Z WARNING 503 - Internal server error
2023-01-11T10:01:23.321Z WARNING 404 - OK
2023-03-10T01:50:57.604Z WARNING 503 - OK
2023-07-03T07:53:51.207Z INFO 200 - Internal server error
2023-01-31T00:43:43.887Z WARNING 404 - Service unavailable
2023-03-27T21:11:18.804Z ERROR 503 - Unauthorized access attempt
2023-03-10T17:38:19.534Z WARNING 401 - Page not found
2023-12-14T09:13:18.051Z INFO 503 - Service unavailable
2022-01-07T18:39:29.590Z WARNING 503 - Internal server error
2023-02-09T13:37:12.703Z WARNING 503 - Service unavailable
2022-02-06T00:04:10.495Z ERROR 200 - Page not found
2023-08-24T13:57:35.716Z WARNING 500 - Internal server error
2022-05-27T23:48:00.978Z ERROR 200 - OK
2022-03-03T00:47:00.602Z INFO 500 - Unauthorized access attempt
2022-10-19T03:15:10.899Z INFO 503 - Page not found
2023-12-04T13:50:35.301Z ERROR 500 - Internal server error
2023-03-11T21:13:25.943Z ERROR 401 - Unauthorized access attempt
2022-02-13T11:48:08.423Z WARNING 200 - Unauthorized access attempt
2023-07-04T02:23:19.565Z INFO 500 - Unauthorized access attempt
2023-08-07T22:17:13.754Z WARNING 503 - OK
2022-07-31T00:40:14.687Z ERROR 503 - Page not found
2023-03-15T23:23:08.630Z ERROR 500 - Page not found
2023-08-16T23:07:47.029Z WARNING 503 - OK
2022-01-15T13:13:32.132Z ERROR 503 - OK
2022-07-15T21:26:40.929Z ERROR 200 - OK
2023-03-30T15:05:53.226Z INFO 404 - Unauthorized access attempt
2022-04-19T22:23:36.890Z INFO 503 - Page not found
2022-11-01T08:10:42.339Z INFO 404 - OK
2022-04-23T16:44:08.124Z ERROR 404 - Page not found
2023-02-03T10:13:58.075Z INFO 404 - Service unavailable
2023-12-08T08:21:31.149Z ERROR 503 - Page not found
2022-11-07T10:39:23.273Z WARNING 503 - Page not found
2022-07-26T00:43:56.210Z WARNING 500 - Unauthorized access attempt
2022-11-08T11:16:11.741Z INFO 401 - Page not found
2023-12-17T20:53:43.968Z WARNING 200 - OK
2023-11-16T11:01:38.521Z WARNING 200 - Internal server error
2022-06-29T17:05:33.320Z WARNING 503 - Unauthorized access attempt
2023-06-19T00:45:35.814Z ERROR 200 - Page not found
2022-03-16T12:07:59.679Z WARNING 404 - Internal server error
2023-03-06T15:42:58.344Z ERROR 503 - Service unavailable
2022-05-24T13:21:45.025Z INFO 401 - Page not found
2022-07-05T20:17:54.094Z INFO 404 - Internal server error
2023-01-20T20:25:16.404Z ERROR 500 - Internal server error
2023-08-23T18:53:31.341Z WARNING 500 - Page not found
2022-05-27T12:20:55.565Z ERROR 200 - Unauthorized access attempt
2022-02-24T11:38:01.281Z WARNING 404 - Service unavailable
2023-08-27T08:04:45.582Z INFO 404 - Page not found
2023-05-28T23:13:09.007Z ERROR 401 - OK
2023-10-21T09:55:37.455Z ERROR 503 - Page not found
2023-03-06T19:54:32.887Z INFO 503 - Internal server error
2022-05-02T01:34:36.173Z WARNING 200 - Service unavailable
2022-01-07T18:28:27.021Z WARNING 200 - Page not found
2023-06-23T22:41:21.422Z INFO 200 - Page not found
2023-07-16T13:23:35.967Z ERROR 500 - Internal server error
2022-01-12T00:47:50.147Z WARNING 500 - OK
2022-08-21T11:22:44.168Z INFO 200 - OK
2023-05-08T01:10:24.703Z INFO 401 - Service unavailable
2023-06-02T19:19:30.217Z INFO 500 - Unauthorized access attempt
2023-03-24T13:48:33.868Z ERROR 500 - OK
2023-05-24T04:54:37.103Z ERROR 404 - OK
2022-04-12T22:48:37.738Z INFO 500 - Internal server error
2023-01-11T20:28:29.933Z ERROR 404 - Page not found
2023-06-09T19:31:44.298Z INFO 503 - OK
2022-02-16T16:13:00.110Z WARNING 200 - Page not found
2022-12-27T09:46:08.302Z INFO 500 - Page not found
2023-09-02T13:32:45.441Z WARNING 200 - Unauthorized access attempt
2023-06-26T18:38:08.317Z ERROR 401 - OK
2022-09-15T23:06:08.133Z WARNING 200 - Page not found
2022-03-05T04:29:10.901Z WARNING 503 - Page not found
2022-12-31T04:09:54.149Z WARNING 500 - Service unavailable
2022-09-17T16:26:27.937Z INFO 503 - Internal server error
2022-02-21T02:20:05.491Z INFO 503 - Unauthorized access attempt
2022-07-26T08:22:03.712Z ERROR 503 - Page not found
2023-03-25T21:04:38.517Z WARNING 200 - Unauthorized access attempt
2023-08-04T07:02:25.764Z ERROR 401 - Page not found
2022-07-31T16:15:33.059Z INFO 500 - Service unavailable
2023-01-13T19:56:50.880Z INFO 401 - OK
2022-11-24T14:01:01.027Z ERROR 500 - Internal server error
2022-12-09T19:08:03.649Z INFO 401 - OK
2022-02-18T04:35:16.359Z INFO 401 - Internal server error
2022-11-02T08:34:17.724Z ERROR 200 - Unauthorized access attempt
2023-11-26T00:11:56.046Z ERROR 200 - Internal server error
2022-08-01T07:49:04.151Z ERROR 200 - Page not found
2022-08-02T16:11:47.675Z ERROR 401 - Unauthorized access attempt
2022-07-16T03:55:23.548Z INFO 200 - Page not found
2023-05-17T15:56:49.618Z INFO 401 - Unauthorized access attempt
2023-08-05T11:12:32.806Z INFO 401 - Page not found
2023-03-06T18:04:18.753Z WARNING 404 - Service unavailable
2022-11-10T04:36:50.652Z WARNING 404 - Internal server error
2022-11-12T16:25:26.780Z ERROR 200 - Unauthorized access attempt
2022-03-22T04:27:15.862Z ERROR 404 - Internal server error
2023-03-07T13:09:23.577Z WARNING 503 - Internal server error
2022-09-26T07:23:50.030Z ERROR 500 - Service unavailable
2022-04-08T20:39:49.296Z INFO 500 - Unauthorized access attempt
2023-03-22T20:49:18.585Z ERROR 404 - Internal server error
2022-08-06T10:02:57.821Z INFO 404 - Unauthorized access attempt
2023-11-18T16:53:36.143Z ERROR 404 - Internal server error
2023-07-13T15:10:29.445Z ERROR 401 - Page not found
2023-09-19T02:09:06.859Z WARNING 404 - OK
2023-05-19T21:02:03.420Z ERROR 404 - Service unavailable
2023-05-11T15:48:31.293Z INFO 404 - Internal server error
2022-10-27T13:29:43.927Z WARNING 200 - OK
2023-04-14T12:58:53.245Z INFO 404 - Service unavailable
2022-07-12T10:10:45.724Z ERROR 401 - Internal server error
2023-05-09T14:01:37.112Z ERROR 500 - Unauthorized access attempt
2022-06-23T14:35:22.779Z ERROR 200 - Service unavailable
2023-07-01T01:54:56.072Z INFO 503 - Service unavailable
2022-02-03T17:31:31.063Z INFO 404 - Internal server error
2023-03-31T13:26:58.491Z WARNING 200 - Unauthorized access attempt
2023-02-23T04:17:59.922Z ERROR 404 - Unauthorized access attempt
2023-07-14T09:49:24.914Z ERROR 404 - Service unavailable
2023-03-24T08:44:32.250Z WARNING 401 - Unauthorized access attempt
2023-07-20T03:45:02.941Z ERROR 503 - Internal server error
2023-12-22T07:33:52.843Z WARNING 404 - Internal server error
2023-12-21T23:19:32.496Z INFO 404 - Unauthorized access attempt
2022-06-10T05:03:22.211Z INFO 503 - Internal server error
2023-05-27T16:45:53.117Z INFO 200 - Unauthorized access attempt
2023-12-02T16:24:20.483Z WARNING 401 - Unauthorized access attempt
2022-10-25T20:39:42.510Z WARNING 200 - OK
2022-01-03T07:04:54.058Z INFO 200 - Service unavailable
2023-10-20T03:48:08.429Z ERROR 500 - OK
2022-07-03T07:22:20.550Z WARNING 404 - Unauthorized access attempt
2023-03-10T23:37:47.378Z WARNING 404 - Internal server error
2023-01-12T11:29:50.161Z ERROR 500 - Internal server error
2023-03-15T06:52:02.178Z WARNING 401 - OK
2022-11-11T06:25:32.437Z WARNING 200 - OK
2023-12-29T15:53:55.908Z INFO 200 - Internal server error
2022-02-02T12:07:03.251Z INFO 503 - Internal server error
2022-04-17T11:06:58.057Z INFO 401 - OK
2023-03-02T08:13:28.579Z INFO 503 - OK
2023-01-08T23:28:50.989Z INFO 200 - Service unavailable
2023-04-05T08:51:30.342Z WARNING 200 - Unauthorized access attempt
2022-01-10T02:50:19.642Z WARNING 500 - Internal server error
2023-10-06T16:31:03.076Z WARNING 503 - Unauthorized access attempt
2022-06-25T13:16:58.496Z WARNING 200 - Internal server error
2023-06-17T07:03:44.853Z INFO 503 - OK
2022-12-07T19:21:26.155Z ERROR 200 - Unauthorized access attempt
2023-07-05T10:20:06.229Z WARNING 500 - OK
2022-01-20T10:11:31.838Z ERROR 200 - Unauthorized access attempt
2023-03-19T18:53:04.428Z WARNING 500 - Internal server error
2022-09-15T20:24:07.428Z WARNING 401 - Internal server error
2023-02-17T21:24:41.723Z ERROR 404 - Page not found
2023-01-30T15:14:05.219Z WARNING 500 - Unauthorized access attempt
2023-04-12T16:17:30.325Z ERROR 503 - OK
2023-07-31T06:57:37.478Z WARNING 500 - Internal server error
2023-05-29T23:20:56.352Z WARNING 503 - Unauthorized access attempt
2023-07-19T06:07:16.378Z INFO 503 - OK
2023-09-22T04:07:18.734Z INFO 200 - Service unavailable
2023-02-25T09:19:22.637Z WARNING 200 - Internal server error
2022-08-28T23:31:27.765Z WARNING 500 - Unauthorized access attempt
2023-07-21T22:28:01.412Z INFO 200 - OK
2022-02-24T16:22:49.247Z ERROR 200 - OK
2023-09-16T00:03:44.009Z INFO 503 - Page not found
2023-02-10T17:04:20.853Z ERROR 503 - Unauthorized access attempt
2023-09-23T23:07:41.007Z WARNING 503 - OK
2023-05-13T03:16:15.855Z ERROR 200 - Service unavailable
2022-04-17T09:35:32.932Z INFO 401 - OK
2023-01-23T08:19:30.582Z WARNING 500 - OK
2022-04-24T06:06:18.950Z ERROR 503 - Page not found
2023-07-04T00:58:20.843Z ERROR 401 - OK
2023-12-14T13:48:10.157Z WARNING 401 - OK
2022-03-18T03:13:35.902Z WARNING 401 - Unauthorized access attempt
2022-01-31T00:31:25.999Z WARNING 401 - Service unavailable
2022-02-13T07:12:51.593Z ERROR 500 - Internal server error
2023-07-21T12:04:23.397Z ERROR 500 - Internal server error
2023-12-29T01:08:51.402Z WARNING 404 - Service unavailable
2023-02-17T07:49:57.661Z INFO 503 - Unauthorized access attempt
2023-02-06T21:00:33.170Z INFO 404 - Unauthorized access attempt
2023-03-16T16:00:57.839Z ERROR 200 - Page not found
2023-04-16T07:09:49.914Z WARNING 401 - OK
2022-10-08T16:56:23.650Z ERROR 503 - Unauthorized access attempt
2022-06-20T23:20:54.285Z ERROR 500 - Internal server error
2022-07-13T14:52:44.121Z WARNING 404 - Service unavailable
2023-07-22T04:31:27.828Z INFO 503 - Page not found
2022-04-25T02:51:23.275Z WARNING 200 - OK
2022-09-22T12:31:43.853Z ERROR 404 - OK
2022-08-10T21:35:00.626Z INFO 500 - Page not found
2023-09-11T18:26:01.808Z ERROR 200 - Service unavailable
2022-09-22T02:59:20.302Z WARNING 500 - Page not found
2022-10-20T17:02:03.895Z ERROR 404 - Page not found
2022-12-02T04:27:08.405Z INFO 200 - Service unavailable
2022-03-17T21:45:03.980Z INFO 404 - Service unavailable
2022-12-09T08:56:31.393Z WARNING 500 - Page not found
2022-11-02T23:48:05.501Z INFO 503 - Service unavailable
2022-04-19T07:33:21.012Z WARNING 503 - Unauthorized access attempt
2023-06-28T11:32:49.053Z ERROR 200 - Service unavailable
2023-02-26T12:13:54.802Z INFO 404 - Service unavailable
2022-11-29T23:11:15.053Z WARNING 503 - Page not found
2023-09-06T11:05:17.067Z INFO 200 - OK
2022-01-04T11:05:27.818Z ERROR 404 - Unauthorized access attempt
2023-06-06T20:11:41.046Z INFO 401 - Page not found
2023-12-06T23:47:35.464Z WARNING 200 - Page not found
2023-03-16T07:04:32.094Z ERROR 500 - OK
2022-06-28T06:59:25.840Z WARNING 404 - Service unavailable
2022-08-29T07:16:47.729Z INFO 503 - Unauthorized access attempt
2022-08-05T03:13:06.846Z WARNING 401 - Page not found
2023-07-04T14:47:21.194Z ERROR 500 - Internal server error
2023-08-04T21:49:48.018Z INFO 500 - Page not found
2022-09-14T05:28:11.685Z ERROR 503 - OK
2023-12-13T22:22:18.737Z INFO 200 - OK
2022-03-21T08:24:38.320Z INFO 401 - OK
2023-06-07T07:21:15.729Z INFO 503 - OK
2023-10-21T18:15:55.775Z ERROR 500 - Service unavailable
2023-03-03T06:53:24.062Z ERROR 200 - Page not found
2022-03-06T20:31:47.985Z WARNING 500 - OK
2022-01-06T07:32:33.683Z ERROR 503 - Service unavailable
2022-12-27T00:26:23.042Z INFO 503 - OK
2022-11-26T09:07:16.490Z INFO 500 - Internal server error
2022-06-23T18:44:02.099Z WARNING 404 - Page not found
2022-02-10T07:55:35.723Z WARNING 404 - Unauthorized access attempt
2022-05-31T11:17:41.344Z INFO 503 - Unauthorized access attempt
2022-08-21T23:59:22.847Z INFO 404 - Service unavailable
2023-01-29T09:45:27.502Z WARNING 500 - Page not found
2022-10-13T04:57:38.509Z WARNING 503 - Unauthorized access attempt
2023-04-10T06:47:37.743Z INFO 401 - Internal server error
2023-09-05T08:15:19.348Z INFO 401 - Page not found
2023-06-28T04:04:45.339Z ERROR 200 - Service unavailable
2022-04-23T07:23:10.249Z ERROR 200 - Internal server error
2022-11-15T21:35:23.379Z INFO 401 - Service unavailable
2023-06-09T15:58:10.770Z ERROR 503 - OK
2022-11-13T16:02:43.728Z ERROR 401 - OK
2023-02-17T00:17:49.587Z WARNING 200 - Unauthorized access attempt
2022-02-12T06:08:04.026Z ERROR 503 - Internal server error
2022-11-13T06:44:46.516Z ERROR 404 - Unauthorized access attempt
2023-06-07T07:58:55.834Z WARNING 200 - Unauthorized access attempt
2023-09-17T15:44:32.212Z INFO 503 - Service unavailable
2023-08-23T11:17:54.411Z WARNING 404 - Unauthorized access attempt
2023-05-15T20:55:36.587Z ERROR 200 - Page not found
2023-11-26T08:40:40.952Z ERROR 401 - Internal server error
2022-02-01T13:21:37.082Z INFO 200 - Service unavailable
2022-06-05T15:18:48.932Z ERROR 404 - Service unavailable
2023-08-17T04:32:33.520Z WARNING 404 - Service unavailable
2022-02-11T01:13:48.486Z WARNING 200 - Unauthorized access attempt
2022-08-21T20:26:52.589Z INFO 200 - Internal server error
2022-12-14T03:56:15.191Z ERROR 503 - OK
2023-05-15T20:18:14.506Z INFO 200 - Internal server error
2022-11-11T01:44:38.081Z ERROR 404 - OK
2023-05-29T01:11:52.698Z ERROR 404 - Internal server error
2022-01-23T23:24:21.990Z WARNING 503 - OK
2023-01-29T04:48:17.186Z INFO 200 - Service unavailable
2023-01-03T21:55:52.856Z INFO 401 - Page not found
2022-03-24T19:11:17.001Z WARNING 503 - Service unavailable
2023-01-09T03:23:56.895Z WARNING 500 - Page not found
2022-07-07T00:20:46.510Z ERROR 404 - Page not found
2022-07-02T11:08:20.708Z WARNING 503 - Service unavailable
2022-12-28T02:09:21.658Z INFO 200 - Page not found
2022-04-21T04:43:17.492Z ERROR 401 - OK
2023-08-03T00:38:30.809Z INFO 503 - Service unavailable
2023-09-11T16:21:26.860Z WARNING 200 - Unauthorized access attempt
2023-10-08T00:08:48.561Z WARNING 200 - Unauthorized access attempt
2023-03-25T16:48:51.134Z WARNING 401 - Unauthorized access attempt
2023-11-30T21:51:21.133Z ERROR 401 - OK
2022-12-01T16:55:37.146Z ERROR 500 - Internal server error
2022-03-24T03:39:25.359Z INFO 503 - OK
2023-04-29T14:22:42.409Z ERROR 404 - Unauthorized access attempt
2023-07-08T00:09:02.199Z INFO 200 - Page not found
2022-10-19T00:41:36.484Z INFO 401 - Page not found
2023-10-23T12:57:58.253Z INFO 200 - Unauthorized access attempt
2023-09-17T12:37:34.273Z ERROR 401 - OK
2023-02-06T15:47:59.473Z WARNING 503 - Page not found
2023-09-02T05:12:02.494Z WARNING 401 - Internal server error
2023-12-19T05:32:12.880Z INFO 401 - Unauthorized access attempt
2022-05-25T11:17:49.553Z ERROR 401 - Unauthorized access attempt
2023-05-06T04:05:38.780Z WARNING 500 - Unauthorized access attempt
2023-06-03T06:35:22.233Z ERROR 401 - Service unavailable
2023-03-29T04:21:30.440Z ERROR 503 - OK
2022-12-14T19:49:57.650Z INFO 503 - Page not found
2022-10-06T09:34:25.956Z ERROR 404 - OK
2022-04-12T10:26:19.446Z WARNING 200 - Page not found
2023-06-20T20:46:01.568Z ERROR 401 - Page not found
2023-06-06T18:43:20.226Z INFO 200 - Internal server error
2023-11-21T17:41:11.130Z INFO 200 - Unauthorized access attempt
2023-11-06T07:39:10.000Z ERROR 404 - Unauthorized access attempt
2023-01-10T10:25:34.576Z ERROR 503 - Unauthorized access attempt
2023-02-25T04:44:32.715Z INFO 500 - Page not found
2023-10-01T10:18:54.676Z ERROR 503 - OK
2023-08-05T09:44:22.164Z ERROR 500 - Unauthorized access attempt
2023-10-24T07:34:07.327Z INFO 401 - Internal server error
2023-09-02T03:19:41.345Z ERROR 503 - Page not found
2022-03-30T22:50:10.478Z ERROR 404 - Unauthorized access attempt
2022-06-06T14:10:19.359Z ERROR 200 - Unauthorized access attempt
2023-05-08T16:22:09.486Z WARNING 200 - Service unavailable
2023-08-07T15:10:15.393Z ERROR 200 - Page not found
2022-12-03T15:55:37.641Z WARNING 503 - Service unavailable
2023-10-25T12:32:40.857Z WARNING 500 - Internal server error
2022-08-24T04:08:43.877Z ERROR 200 - Unauthorized access attempt
2022-02-23T14:02:53.934Z INFO 401 - Page not found
2022-04-09T17:32:27.376Z WARNING 200 - Unauthorized access attempt
2022-05-07T13:51:47.358Z INFO 401 - Unauthorized access attempt
2022-01-20T02:32:43.219Z WARNING 500 - OK
2023-11-17T00:32:14.713Z WARNING 404 - Unauthorized access attempt
2023-04-10T04:34:28.002Z ERROR 500 - Page not found
2023-10-01T15:25:01.849Z ERROR 500 - Internal server error
2022-12-27T21:44:57.666Z ERROR 503 - Internal server error
2022-02-21T05:36:03.698Z ERROR 200 - Internal server error
2023-03-17T02:05:16.358Z INFO 500 - Page not found
2023-02-18T13:39:16.387Z WARNING 401 - Page not found
2023-04-11T08:15:26.483Z WARNING 503 - Service unavailable
2022-06-13T00:00:25.951Z WARNING 401 - Internal server error
2023-01-03T06:37:58.792Z WARNING 401 - Page not found
2022-10-24T17:14:35.259Z INFO 500 - Unauthorized access attempt
2022-09-12T06:48:45.167Z WARNING 404 - OK
2023-05-27T15:11:02.527Z INFO 503 - Internal server error
2022-10-11T05:39:51.689Z ERROR 401 - Service unavailable
2022-07-07T05:42:00.776Z INFO 404 - Unauthorized access attempt
2022-06-21T00:49:24.893Z WARNING 500 - Service unavailable
2022-11-04T11:37:01.464Z WARNING 500 - OK
2022-07-18T05:54:34.102Z INFO 503 - Service unavailable
2023-03-18T22:19:57.658Z INFO 503 - Unauthorized access attempt
2023-05-09T07:33:06.232Z INFO 503 - Page not found
2022-04-09T12:46:43.052Z ERROR 404 - OK
2022-09-12T21:59:34.000Z WARNING 500 - Unauthorized access attempt
2023-09-14T19:58:53.420Z ERROR 500 - OK
2023-12-13T12:24:28.117Z ERROR 500 - OK
2023-07-23T17:14:00.923Z ERROR 404 - Service unavailable
2023-12-01T12:38:31.022Z ERROR 401 - OK
2023-01-03T19:33:51.232Z INFO 404 - Page not found
2023-04-08T13:43:55.405Z WARNING 200 - Internal server error
2023-06-12T15:55:21.997Z ERROR 404 - OK
2023-10-01T02:56:38.783Z ERROR 404 - Service unavailable
2023-06-29T00:19:11.377Z ERROR 500 - OK
2023-02-10T09:00:47.048Z ERROR 404 - OK
2023-01-27T13:00:39.064Z INFO 401 - Page not found
2022-11-02T03:10:20.387Z WARNING 200 - OK
2023-03-10T16:53:47.334Z ERROR 200 - Unauthorized access attempt
2022-08-21T14:31:28.874Z INFO 401 - Service unavailable
2022-03-18T03:07:22.051Z INFO 200 - Service unavailable
2023-12-09T12:53:29.983Z WARNING 200 - OK
2022-12-05T11:52:45.060Z WARNING 500 - Page not found
2023-09-13T19:25:44.570Z INFO 200 - Service unavailable
2022-07-26T22:10:28.771Z WARNING 401 - Unauthorized access attempt
2023-11-29T05:29:25.066Z INFO 401 - Page not found
2023-11-25T02:01:22.964Z INFO 500 - Page not found
2023-02-07T09:35:53.655Z ERROR 503 - Internal server error
2022-12-29T12:32:06.342Z INFO 401 - Page not found
2023-07-12T21:30:27.725Z WARNING 404 - Internal server error
2022-09-09T12:55:32.551Z ERROR 200 - Page not found
2022-02-17T11:55:18.581Z ERROR 500 - Internal server error
2023-04-26T01:58:06.843Z ERROR 404 - Service unavailable
2022-04-02T18:54:52.583Z ERROR 401 - Internal server error
2022-08-20T13:24:17.600Z ERROR 404 - Service unavailable
2022-09-08T02:35:01.789Z INFO 503 - Internal server error
2022-08-09T15:41:17.302Z WARNING 200 - OK
2022-08-12T05:50:14.404Z WARNING 401 - Unauthorized access attempt
2022-02-01T11:08:25.409Z WARNING 503 - Unauthorized access attempt
2022-10-28T12:48:37.879Z WARNING 500 - Service unavailable
2022-07-29T11:17:27.421Z WARNING 503 - Service unavailable
2023-09-09T09:04:11.027Z WARNING 401 - Unauthorized access attempt
2022-10-16T23:29:29.834Z WARNING 401 - OK
2023-08-21T16:09:53.931Z WARNING 503 - Page not found
2023-12-12T11:36:39.683Z ERROR 401 - OK
2023-11-30T19:51:09.960Z INFO 401 - OK
2022-10-21T12:43:06.591Z WARNING 503 - Service unavailable
2022-11-13T23:06:21.682Z INFO 500 - Service unavailable
2023-03-21T13:07:44.699Z WARNING 503 - Unauthorized access attempt
2023-07-29T16:56:55.060Z ERROR 200 - OK
2022-12-06T09:57:41.458Z WARNING 500 - OK
2023-04-12T14:22:19.385Z INFO 404 - Internal server error
2022-05-21T01:51:38.526Z ERROR 404 - OK
2023-01-01T21:12:32.891Z INFO 200 - OK
2022-12-09T13:07:07.522Z INFO 500 - Page not found
2023-06-15T12:39:51.091Z ERROR 404 - Internal server error
2023-05-29T04:45:26.091Z INFO 200 - Page not found
2023-05-22T04:59:47.272Z WARNING 500 - Internal server error
2023-11-02T08:31:35.235Z WARNING 200 - Service unavailable
2023-04-15T18:26:00.185Z WARNING 200 - Page not found
2022-09-24T23:31:02.525Z INFO 404 - Internal server error
2022-06-16T09:32:44.933Z ERROR 200 - Service unavailable
2023-10-30T09:12:54.977Z WARNING 404 - Page not found
2022-08-01T23:22:29.534Z ERROR 200 - Service unavailable
2023-11-15T06:33:55.100Z INFO 200 - Internal server error
2023-08-22T13:33:58.577Z INFO 404 - Service unavailable
2022-04-14T01:54:59.133Z WARNING 404 - OK
2022-06-10T14:26:14.359Z WARNING 404 - Unauthorized access attempt
2023-11-21T08:16:26.086Z WARNING 200 - Internal server error
2022-07-15T20:45:44.653Z INFO 200 - Internal server error
2022-05-22T22:33:26.985Z INFO 503 - Internal server error
2022-12-21T22:17:40.044Z ERROR 503 - Service unavailable
2023-10-24T06:20:08.541Z INFO 500 - Unauthorized access attempt
2023-09-06T05:29:31.597Z ERROR 401 - Page not found
2023-02-11T12:43:41.793Z INFO 200 - Service unavailable
2023-06-13T23:30:35.826Z INFO 404 - Internal server error
2023-08-12T07:34:53.177Z INFO 500 - OK
2023-02-22T23:11:16.865Z INFO 401 - Internal server error
2023-04-19T22:44:31.204Z ERROR 401 - Page not found
2023-03-02T17:36:08.386Z ERROR 404 - Service unavailable
2022-12-03T01:47:23.990Z WARNING 500 - Page not found
2023-10-06T22:57:05.925Z WARNING 404 - Service unavailable
2022-05-01T12:41:54.687Z ERROR 503 - Page not found
2022-11-24T17:15:52.336Z ERROR 200 - OK
2022-11-09T23:43:27.302Z INFO 401 - Page not found
2022-05-22T18:27:27.222Z ERROR 404 - Unauthorized access attempt
2023-08-09T12:46:49.145Z ERROR 503 - Page not found
2023-06-21T07:56:19.000Z WARNING 500 - Page not found
2023-02-26T16:35:21.466Z WARNING 200 - Service unavailable
2022-01-04T07:32:46.288Z ERROR 503 - Internal server error
2022-10-18T00:28:52.917Z ERROR 401 - Service unavailable
2022-08-17T05:45:45.627Z WARNING 503 - OK
2023-08-26T21:34:45.705Z INFO 200 - OK
2022-08-11T12:08:04.850Z INFO 404 - Service unavailable
2022-05-19T08:19:36.261Z INFO 401 - Page not found
2022-10-24T08:51:00.007Z WARNING 200 - OK
2023-07-13T21:47:58.191Z WARNING 401 - Internal server error
2023-01-23T13:29:28.743Z WARNING 500 - OK
2023-01-18T18:00:41.095Z ERROR 404 - Service unavailable
2022-05-12T16:59:53.305Z INFO 404 - Service unavailable
2022-09-03T08:34:35.416Z WARNING 401 - Page not found
2022-01-04T22:54:41.936Z ERROR 500 - Unauthorized access attempt
2022-08-31T16:51:40.037Z ERROR 500 - Page not found
2023-02-24T10:43:14.612Z ERROR 200 - OK
2022-06-26T09:37:27.466Z ERROR 503 - OK
2022-11-08T16:42:20.597Z INFO 500 - Internal server error
2022-04-30T10:54:16.348Z ERROR 404 - Page not found
2023-01-21T00:10:58.503Z WARNING 500 - OK
2022-03-14T03:48:27.123Z WARNING 503 - Page not found
2022-06-13T09:59:18.946Z ERROR 401 - Internal server error
2022-02-08T04:13:12.180Z ERROR 404 - Internal server error
2023-05-11T07:39:24.691Z INFO 404 - Internal server error
2023-03-06T17:29:26.734Z WARNING 200 - Unauthorized access attempt
2023-12-27T06:35:18.868Z INFO 503 - Unauthorized access attempt
2023-11-12T05:43:32.488Z INFO 401 - Unauthorized access attempt
2022-05-06T14:04:27.559Z WARNING 500 - Page not found
2023-05-09T06:18:43.310Z INFO 200 - Internal server error
2022-04-21T23:07:49.016Z INFO 500 - Service unavailable
2023-11-24T22:26:03.297Z WARNING 200 - Internal server error
2023-08-18T21:55:55.697Z INFO 500 - Page not found
2022-12-19T10:11:04.920Z INFO 200 - Page not found
2023-08-10T20:29:09.758Z WARNING 404 - Unauthorized access attempt
2023-03-09T01:11:24.528Z WARNING 401 - Page not found
2022-11-30T02:20:35.416Z INFO 503 - OK
2023-04-21T23:02:53.482Z INFO 503 - OK
2022-04-19T23:19:18.942Z INFO 200 - Internal server error
2022-08-14T10:24:10.468Z ERROR 500 - Unauthorized access attempt
2023-04-02T06:06:10.436Z ERROR 404 - Internal server error
2022-03-12T08:41:54.064Z ERROR 401 - Internal server error
2022-11-07T20:01:36.868Z ERROR 401 - OK
2023-04-23T02:58:35.038Z WARNING 200 - Service unavailable
2023-08-23T15:09:00.362Z INFO 404 - Internal server error
2023-05-31T07:05:54.156Z INFO 200 - Unauthorized access attempt
2022-07-18T20:00:43.071Z INFO 401 - Unauthorized access attempt
2022-07-29T12:26:38.495Z WARNING 404 - Internal server error
2023-11-16T07:18:01.514Z ERROR 401 - Internal server error
2022-04-12T17:08:35.709Z WARNING 200 - Internal server error
2022-04-19T20:53:31.373Z WARNING 503 - Unauthorized access attempt
2022-03-29T01:25:01.050Z INFO 500 - Internal server error
2023-05-17T18:54:10.073Z ERROR 500 - Internal server error
2022-09-23T13:47:40.128Z INFO 401 - Internal server error
2022-12-01T18:41:50.628Z INFO 404 - Unauthorized access attempt
2023-10-27T08:58:36.468Z WARNING 500 - OK
2023-04-03T05:47:18.617Z INFO 500 - Unauthorized access attempt
2023-01-15T08:04:12.634Z ERROR 503 - Page not found
2023-10-29T03:40:18.253Z INFO 200 - Service unavailable
2022-12-04T14:48:16.049Z ERROR 404 - Service unavailable
2023-05-16T02:50:03.056Z ERROR 500 - Internal server error
2022-06-13T17:14:00.631Z WARNING 200 - Unauthorized access attempt
2023-05-09T17:41:43.693Z WARNING 200 - Page not found
2023-06-08T16:49:46.636Z INFO 503 - Internal server error
2023-11-05T07:24:55.100Z INFO 401 - OK
2022-05-27T04:48:19.345Z ERROR 404 - OK
2023-10-10T22:30:25.141Z ERROR 200 - Internal server error
2023-05-25T07:03:50.407Z INFO 200 - OK
2023-01-17T06:08:15.656Z ERROR 503 - Service unavailable
2022-12-31T13:03:24.822Z INFO 200 - OK
2022-09-12T00:34:52.515Z ERROR 500 - Service unavailable
2022-11-04T12:04:51.185Z INFO 500 - Service unavailable
2022-05-02T03:33:13.741Z ERROR 401 - Unauthorized access attempt
2022-05-12T16:10:48.717Z INFO 404 - Service unavailable
2023-07-06T22:08:47.841Z WARNING 200 - OK
2023-11-05T22:09:09.527Z WARNING 404 - OK
2022-04-04T08:34:36.993Z ERROR 404 - Page not found
2023-08-18T14:44:14.391Z INFO 500 - Internal server error
2023-09-19T08:56:26.068Z INFO 401 - OK
2022-04-01T23:04:41.429Z WARNING 401 - Unauthorized access attempt
2023-09-11T18:50:03.652Z ERROR 401 - OK
2022-10-30T09:19:56.462Z WARNING 404 - Service unavailable
2023-09-22T01:54:02.327Z WARNING 404 - OK
2023-10-18T13:19:42.072Z WARNING 500 - OK
2023-10-05T20:34:08.982Z INFO 200 - Service unavailable
2022-12-30T23:23:08.692Z WARNING 404 - Internal server error
2023-05-08T01:44:08.344Z ERROR 401 - Internal server error
2023-12-29T19:57:44.864Z ERROR 500 - Unauthorized access attempt
2023-07-30T11:56:03.106Z WARNING 200 - OK
2022-05-04T00:43:07.663Z WARNING 200 - Unauthorized access attempt
2023-03-04T16:27:18.242Z ERROR 500 - Unauthorized access attempt
2022-07-08T04:29:01.562Z ERROR 404 - OK
2022-12-24T06:45:07.642Z ERROR 401 - Page not found
2023-12-18T23:44:11.608Z ERROR 503 - Unauthorized access attempt
2022-07-02T03:11:25.183Z ERROR 500 - Service unavailable
2023-08-10T12:35:28.032Z WARNING 404 - Page not found
2023-10-01T00:18:56.196Z INFO 401 - OK
2022-03-30T10:03:42.896Z ERROR 200 - Page not found
2023-05-02T23:22:34.082Z WARNING 404 - Internal server error
2023-05-03T20:13:13.541Z ERROR 503 - Internal server error
2022-06-05T07:42:27.588Z INFO 503 - Internal server error
2022-04-24T23:20:56.332Z ERROR 200 - Internal server error
2023-04-13T06:11:12.624Z ERROR 200 - Service unavailable
2023-09-01T22:21:33.979Z INFO 200 - Page not found
2023-09-05T03:23:40.872Z WARNING 500 - Unauthorized access attempt
2022-07-26T21:16:30.201Z WARNING 404 - Unauthorized access attempt
2022-05-01T14:59:58.203Z WARNING 503 - Service unavailable
2023-08-16T21:09:51.400Z INFO 401 - Unauthorized access attempt
2022-08-03T09:11:09.215Z ERROR 401 - Service unavailable
2023-09-04T20:34:07.301Z INFO 503 - OK
2022-10-29T07:53:56.651Z WARNING 401 - Page not found
2023-01-31T06:58:16.495Z WARNING 200 - OK
2023-05-18T15:11:02.513Z WARNING 404 - Page not found
2022-01-03T23:35:28.580Z ERROR 200 - Service unavailable
2023-03-27T12:53:22.241Z INFO 503 - Page not found
2023-09-28T06:16:52.619Z WARNING 503 - Service unavailable
2022-07-12T05:12:57.369Z INFO 401 - Unauthorized access attempt
2022-04-14T18:08:36.797Z ERROR 401 - Internal server error
2022-07-16T01:11:24.077Z INFO 500 - Internal server error
2023-02-23T08:39:29.988Z WARNING 401 - OK
2023-09-08T18:57:10.763Z WARNING 404 - OK
2022-06-22T08:43:31.421Z WARNING 200 - Service unavailable
2023-03-22T10:45:27.782Z WARNING 200 - Unauthorized access attempt
2022-03-25T05:36:28.646Z WARNING 404 - Unauthorized access attempt
2023-10-28T11:29:12.702Z WARNING 500 - OK
2022-05-06T16:38:44.821Z ERROR 500 - OK
2022-06-07T14:56:01.523Z WARNING 500 - Internal server error
2022-05-04T08:15:01.223Z ERROR 401 - Unauthorized access attempt
2023-12-27T08:07:57.225Z INFO 200 - Page not found
2022-04-12T07:56:09.057Z WARNING 404 - Unauthorized access attempt
2022-03-25T11:01:53.875Z ERROR 200 - Unauthorized access attempt
2023-04-20T10:46:00.418Z WARNING 500 - Service unavailable
2022-08-05T18:11:53.852Z ERROR 500 - Service unavailable
2022-04-14T04:54:07.779Z INFO 500 - Page not found
2023-12-12T18:51:56.378Z WARNING 404 - Internal server error
2022-10-04T04:10:54.155Z INFO 401 - Page not found
2023-11-20T09:01:58.809Z INFO 404 - Service unavailable
2023-04-15T05:56:57.512Z ERROR 503 - OK
2023-03-13T03:37:47.589Z INFO 500 - OK
2022-09-05T22:27:40.714Z WARNING 200 - Page not found
2022-05-24T03:03:26.161Z ERROR 401 - Service unavailable
2023-05-22T23:41:15.922Z ERROR 500 - Unauthorized access attempt
2023-07-24T08:17:39.838Z INFO 500 - Page not found
2022-05-16T10:08:09.134Z WARNING 200 - Internal server error
2023-07-07T17:37:51.259Z INFO 503 - Unauthorized access attempt
2022-05-26T22:56:35.571Z INFO 503 - OK
2023-07-09T19:41:03.064Z WARNING 401 - Unauthorized access attempt
2023-07-28T19:02:35.676Z ERROR 200 - Unauthorized access attempt
2022-01-11T09:12:21.385Z WARNING 404 - Internal server error
2022-03-08T13:25:21.072Z WARNING 503 - Service unavailable
2023-10-23T21:39:57.744Z WARNING 404 - Internal server error
2023-10-19T08:01:38.956Z INFO 503 - OK
2023-12-30T18:42:13.588Z WARNING 401 - Page not found
2022-02-08T17:46:01.176Z INFO 200 - Page not found
2023-04-28T18:44:20.937Z INFO 500 - Unauthorized access attempt
2023-03-07T11:55:50.316Z INFO 404 - Unauthorized access attempt
2022-06-28T15:19:29.706Z INFO 401 - Service unavailable
2022-04-09T19:36:10.350Z ERROR 401 - Unauthorized access attempt
2023-04-27T11:30:31.480Z WARNING 503 - Internal server error
2022-07-16T06:42:17.949Z INFO 500 - Unauthorized access attempt
2022-06-05T08:01:34.743Z ERROR 404 - Page not found
2022-10-26T14:57:58.632Z WARNING 500 - Internal server error
2023-05-27T22:22:21.672Z WARNING 503 - Page not found
2022-07-23T20:04:56.835Z INFO 500 - OK
2023-06-13T05:07:19.902Z WARNING 401 - Unauthorized access attempt
2022-04-21T19:58:25.261Z ERROR 503 - Service unavailable
2023-08-15T08:13:25.842Z INFO 404 - Unauthorized access attempt
2023-06-07T17:19:29.293Z INFO 500 - OK
2022-02-04T07:56:06.358Z ERROR 500 - Service unavailable
2022-04-20T08:40:16.268Z WARNING 404 - Service unavailable
2022-11-05T01:22:03.015Z INFO 500 - Internal server error
2023-03-20T18:30:52.419Z ERROR 404 - Internal server error
2023-11-22T14:21:08.828Z ERROR 503 - Page not found
2022-07-25T18:45:17.844Z ERROR 200 - Unauthorized access attempt
2022-10-31T20:22:42.642Z ERROR 200 - Unauthorized access attempt
2023-10-15T16:07:22.259Z ERROR 404 - Service unavailable
2023-06-29T14:18:25.176Z WARNING 200 - Service unavailable
2023-05-30T10:34:28.085Z WARNING 500 - Internal server error
2022-09-02T13:50:03.069Z INFO 404 - OK
2023-11-23T02:45:52.553Z WARNING 401 - OK
2023-03-16T20:12:52.898Z WARNING 404 - Unauthorized access attempt
2022-05-18T16:54:20.829Z ERROR 503 - Page not found
2022-02-01T22:56:42.096Z WARNING 200 - Unauthorized access attempt
2023-01-30T18:08:55.902Z WARNING 200 - Internal server error
2023-07-03T05:51:35.202Z INFO 500 - Page not found
2022-03-09T10:50:29.330Z INFO 401 - Page not found
2022-05-16T06:59:43.677Z INFO 404 - OK
2023-03-07T18:20:52.257Z INFO 500 - Unauthorized access attempt
2023-12-14T07:46:21.122Z INFO 503 - Page not found
2022-08-24T18:49:17.692Z ERROR 404 - Internal server error
2022-01-08T20:28:49.765Z INFO 404 - Service unavailable
2023-07-04T23:51:27.807Z ERROR 503 - Page not found
2022-05-24T20:41:01.738Z WARNING 200 - Page not found
2023-02-10T20:54:40.060Z INFO 404 - OK
2022-12-28T01:20:26.536Z ERROR 401 - Service unavailable
2023-10-09T12:13:55.115Z ERROR 503 - Internal server error
2022-04-22T07:31:08.969Z WARNING 404 - Unauthorized access attempt
2023-04-24T19:42:30.522Z ERROR 401 - Unauthorized access attempt
2023-08-29T11:22:13.179Z INFO 503 - OK
2023-11-12T04:19:32.196Z ERROR 401 - OK
2022-04-07T02:11:42.420Z ERROR 200 - Page not found
2022-10-10T15:29:19.028Z WARNING 503 - Page not found
2022-08-03T00:35:32.471Z INFO 200 - Internal server error
2023-04-09T05:53:16.393Z ERROR 404 - Service unavailable
2023-08-12T22:25:21.620Z WARNING 404 - Unauthorized access attempt
2022-10-05T13:57:40.819Z WARNING 404 - Service unavailable
2023-01-19T00:29:37.897Z ERROR 503 - Internal server error
2022-09-03T18:38:21.009Z INFO 404 - Service unavailable
2023-09-25T13:59:44.321Z WARNING 200 - Internal server error
2023-02-17T04:20:51.133Z INFO 500 - OK
2023-03-27T00:36:44.625Z ERROR 401 - Unauthorized access attempt
2022-09-30T16:19:09.151Z INFO 200 - Page not found
2023-05-26T02:20:11.689Z ERROR 503 - OK
2022-07-09T05:21:37.384Z INFO 200 - OK
2022-12-15T10:57:56.163Z WARNING 500 - Page not found
2023-11-12T20:04:33.090Z WARNING 500 - Service unavailable
2023-04-28T00:14:48.799Z ERROR 200 - Internal server error
2022-02-03T10:05:04.091Z WARNING 401 - Unauthorized access attempt
2023-04-25T04:32:02.734Z WARNING 401 - Page not found
2022-11-03T04:15:12.141Z WARNING 200 - Page not found
2023-10-16T18:03:50.075Z INFO 500 - Internal server error
2023-04-27T00:31:59.122Z ERROR 401 - Service unavailable
2023-05-10T14:06:48.775Z WARNING 404 - Unauthorized access attempt
2022-07-21T01:04:58.631Z WARNING 503 - OK
2023-11-26T21:02:52.040Z ERROR 404 - OK
2022-12-20T22:17:56.386Z WARNING 500 - Service unavailable
2023-08-31T05:22:07.503Z INFO 500 - Internal server error
2022-06-14T17:16:29.413Z ERROR 404 - OK
2022-08-13T00:33:16.037Z WARNING 200 - Unauthorized access attempt
2022-11-16T04:30:35.860Z ERROR 401 - OK
2023-05-22T15:19:35.940Z ERROR 500 - OK
2022-06-01T06:40:45.421Z INFO 404 - Unauthorized access attempt
2023-07-26T13:07:02.647Z INFO 404 - OK
2022-10-29T12:38:06.057Z INFO 404 - OK
2022-10-30T17:55:41.827Z ERROR 404 - Service unavailable
2022-01-17T01:16:29.158Z INFO 200 - Service unavailable
2023-10-20T02:16:19.199Z WARNING 404 - Internal server error
2023-05-25T21:26:29.685Z ERROR 404 - Internal server error
2022-10-24T19:40:29.935Z ERROR 200 - Unauthorized access attempt
2022-12-08T21:46:55.190Z WARNING 200 - Service unavailable
2023-04-06T08:50:36.093Z INFO 200 - Unauthorized access attempt
2022-08-08T08:00:31.414Z WARNING 503 - Unauthorized access attempt
2023-10-24T16:31:59.910Z WARNING 200 - Unauthorized access attempt
2023-01-27T11:01:05.373Z ERROR 503 - OK
2023-06-01T11:21:23.515Z WARNING 200 - Page not found
2023-07-19T07:26:56.746Z WARNING 404 - Page not found
2023-11-30T13:42:23.827Z INFO 500 - Unauthorized access attempt
2023-09-25T05:33:26.761Z WARNING 500 - Internal server error
2022-02-01T23:48:30.186Z INFO 401 - Unauthorized access attempt
2022-08-15T06:18:43.385Z WARNING 401 - Page not found
2023-05-05T07:04:10.945Z ERROR 401 - OK
2023-12-30T16:38:31.075Z WARNING 404 - OK
2022-08-18T13:34:56.421Z WARNING 404 - Internal server error
2023-08-10T10:16:13.003Z ERROR 500 - Service unavailable
2022-02-10T18:25:35.958Z ERROR 503 - Unauthorized access attempt
2022-01-08T12:34:29.032Z INFO 401 - Internal server error
2023-03-08T08:57:05.043Z INFO 500 - OK
2023-10-13T14:04:40.472Z WARNING 404 - OK
2022-01-10T15:42:06.514Z INFO 200 - Service unavailable
2022-07-16T04:04:35.277Z ERROR 200 - Service unavailable
2023-08-14T05:01:01.791Z INFO 200 - Internal server error
2022-09-12T06:40:58.618Z INFO 500 - Page not found
2023-09-25T23:58:48.219Z INFO 404 - Internal server error
2023-04-21T08:47:49.224Z WARNING 500 - OK
2022-12-05T08:14:31.995Z WARNING 500 - Unauthorized access attempt
2022-02-18T20:35:29.509Z WARNING 401 - Page not found
2022-11-29T02:39:03.256Z INFO 503 - Service unavailable
2023-07-23T14:27:20.037Z WARNING 200 - Internal server error
2022-12-16T19:58:03.339Z INFO 503 - Internal server error
2023-12-31T07:26:12.466Z WARNING 401 - Service unavailable
2022-04-18T05:55:57.365Z ERROR 503 - Service unavailable
2022-12-18T05:24:24.562Z ERROR 401 - Internal server error
2022-01-12T00:17:41.489Z WARNING 200 - Unauthorized access attempt
2022-01-17T10:26:59.121Z ERROR 500 - Internal server error
2023-09-28T01:34:04.578Z WARNING 500 - Service unavailable
2023-05-09T06:28:47.203Z WARNING 401 - Service unavailable
2023-12-30T11:23:00.498Z INFO 503 - Internal server error
2023-11-30T03:36:04.303Z INFO 503 - OK
2023-02-03T22:07:05.967Z WARNING 404 - Internal server error
2023-10-24T04:26:36.231Z INFO 500 - Internal server error
2022-02-20T21:53:37.980Z WARNING 404 - Internal server error
2023-08-24T16:21:54.158Z ERROR 503 - Page not found
2023-11-08T23:55:14.705Z ERROR 503 - Unauthorized access attempt
2022-08-19T14:47:02.626Z ERROR 404 - OK
2022-05-19T07:30:41.959Z INFO 401 - Unauthorized access attempt
2022-12-23T18:34:28.350Z WARNING 200 - OK
2022-12-14T04:43:18.183Z ERROR 500 - OK
2023-08-10T11:08:11.782Z INFO 200 - Unauthorized access attempt
2022-12-21T22:33:06.574Z INFO 503 - Page not found
2023-10-01T00:28:01.677Z ERROR 404 - Unauthorized access attempt
2023-11-25T08:12:13.969Z WARNING 404 - Internal server error
2023-02-14T22:28:44.947Z ERROR 401 - Service unavailable
2023-10-12T05:41:58.014Z WARNING 500 - Service unavailable
2023-08-31T05:14:51.424Z WARNING 404 - Internal server error
2022-07-15T16:06:31.262Z ERROR 404 - Unauthorized access attempt
2022-10-08T07:25:13.782Z INFO 404 - Unauthorized access attempt
2023-10-26T07:29:29.640Z INFO 200 - Internal server error
2022-10-24T20:58:34.978Z WARNING 200 - Service unavailable
2022-11-23T23:10:27.936Z ERROR 404 - Service unavailable
2023-12-26T02:53:25.645Z INFO 200 - OK
2022-07-22T00:20:33.118Z INFO 500 - Internal server error
2022-03-20T12:30:45.171Z ERROR 404 - Unauthorized access attempt
2023-06-10T01:37:18.700Z WARNING 503 - Service unavailable
2022-07-11T06:18:39.058Z ERROR 200 - Service unavailable
2023-05-16T16:02:42.479Z WARNING 503 - Internal server error
2022-10-02T18:18:02.214Z ERROR 503 - OK
2023-01-28T07:28:13.246Z INFO 200 - Page not found
2023-11-25T07:27:09.444Z WARNING 500 - Internal server error
2022-11-05T15:22:57.735Z INFO 200 - Page not found
2022-04-23T16:36:28.955Z ERROR 404 - OK
2023-06-20T14:02:25.788Z INFO 500 - Service unavailable
2022-10-15T20:05:01.523Z WARNING 401 - OK
2022-05-14T21:00:45.782Z ERROR 404 - Unauthorized access attempt
2022-07-06T07:43:39.402Z INFO 200 - Unauthorized access attempt
2023-12-03T21:49:28.251Z WARNING 500 - Service unavailable
2023-02-21T13:00:29.218Z ERROR 500 - Service unavailable
2022-07-12T16:35:01.860Z WARNING 200 - Internal server error
2023-10-21T16:40:36.800Z WARNING 503 - Unauthorized access attempt
2023-04-28T05:38:04.350Z WARNING 200 - Service unavailable
2023-10-18T11:56:08.440Z INFO 503 - Service unavailable
2022-09-19T07:38:28.940Z WARNING 404 - Internal server error
2022-05-21T05:26:48.457Z WARNING 503 - Internal server error
2023-11-20T06:15:54.737Z ERROR 503 - Page not found
2022-11-23T17:19:08.037Z INFO 200 - Page not found
2023-05-07T20:31:51.928Z ERROR 200 - Page not found
2023-08-13T10:22:22.492Z INFO 503 - OK
2023-07-31T10:10:29.040Z WARNING 200 - OK
2022-07-04T07:16:53.165Z ERROR 200 - OK
2022-02-21T17:36:05.572Z INFO 401 - Page not found
2023-10-26T00:37:43.630Z WARNING 401 - Unauthorized access attempt
2023-06-28T02:43:18.664Z WARNING 500 - Service unavailable
2022-04-15T21:29:21.447Z INFO 500 - Internal server error
2022-02-09T02:48:07.227Z ERROR 401 - OK
2022-11-20T05:35:45.621Z ERROR 401 - Service unavailable
2023-07-08T12:02:43.171Z INFO 200 - OK
2022-11-04T11:24:18.591Z ERROR 200 - Page not found
2023-01-26T23:33:37.873Z INFO 500 - Internal server error
2022-01-21T11:15:12.638Z INFO 401 - Unauthorized access attempt
2022-03-06T11:04:57.584Z INFO 200 - Service unavailable
2022-02-15T15:48:50.827Z INFO 404 - Page not found
2023-11-21T11:12:02.344Z WARNING 404 - Unauthorized access attempt
2022-10-30T02:56:42.003Z INFO 503 - Unauthorized access attempt
2022-05-08T23:38:59.664Z ERROR 401 - Page not found
2022-06-03T10:59:14.311Z ERROR 500 - Unauthorized access attempt
2022-08-29T14:01:52.861Z ERROR 503 - Unauthorized access attempt
2022-07-03T05:28:55.672Z INFO 401 - OK
2022-04-28T23:59:56.232Z INFO 503 - Service unavailable
2022-11-05T06:05:26.754Z ERROR 200 - Internal server error
2023-12-10T10:24:01.071Z INFO 503 - Unauthorized access attempt
2023-11-17T05:54:16.437Z ERROR 500 - Service unavailable
2023-12-29T02:38:47.533Z INFO 404 - Internal server error
2023-11-25T11:48:35.307Z INFO 500 - Page not found
2022-08-11T06:07:57.006Z INFO 200 - Internal server error
2022-04-16T04:37:40.816Z WARNING 500 - Service unavailable
2023-02-13T21:21:20.205Z WARNING 404 - Unauthorized access attempt
2022-05-24T23:17:16.907Z ERROR 500 - Page not found
2023-03-09T04:53:13.309Z ERROR 503 - OK
2022-09-25T11:23:15.474Z WARNING 200 - Page not found
2023-02-16T00:16:00.136Z ERROR 500 - Service unavailable
2023-05-20T13:02:26.540Z INFO 200 - Page not found
2022-06-03T01:21:12.667Z WARNING 503 - Internal server error
2022-12-14T18:16:47.089Z WARNING 500 - Internal server error
2023-12-16T01:47:56.198Z WARNING 500 - Unauthorized access attempt
2023-11-24T05:35:17.451Z INFO 500 - Service unavailable
2023-02-13T16:22:13.877Z ERROR 200 - Service unavailable
2022-11-12T23:34:59.422Z WARNING 200 - OK
2022-12-04T01:55:48.434Z WARNING 503 - OK
2023-07-11T02:41:39.106Z WARNING 503 - Service unavailable
2022-12-03T04:59:09.771Z INFO 200 - OK
2022-10-16T01:11:56.991Z WARNING 500 - Internal server error
2022-09-28T00:40:39.886Z WARNING 401 - Service unavailable
2022-10-13T08:03:21.993Z WARNING 503 - Page not found
2022-06-16T14:27:11.539Z WARNING 401 - Unauthorized access attempt
2023-01-07T02:09:43.286Z ERROR 500 - OK
2023-12-23T14:41:35.710Z WARNING 404 - Page not found
2022-11-25T06:51:05.842Z INFO 500 - Unauthorized access attempt
2023-05-08T06:00:09.493Z INFO 404 - OK
2022-11-20T01:07:19.429Z INFO 500 - OK
2022-05-06T05:00:54.071Z INFO 200 - OK
2022-08-18T10:28:16.116Z INFO 401 - Page not found
2022-01-25T06:32:32.466Z ERROR 404 - Unauthorized access attempt
2023-06-02T14:57:22.783Z INFO 401 - Page not found
2023-10-14T17:07:12.625Z WARNING 500 - Service unavailable
2023-02-07T23:33:42.634Z WARNING 404 - Internal server error
2023-07-22T12:18:24.954Z INFO 404 - Unauthorized access attempt
2022-06-06T10:22:06.519Z WARNING 404 - Page not found
2022-06-27T02:40:46.345Z INFO 200 - Page not found
2022-03-01T06:58:50.224Z WARNING 200 - Page not found
2023-07-01T06:46:44.196Z INFO 404 - Unauthorized access attempt
2022-08-09T23:41:30.935Z ERROR 404 - Internal server error
2023-11-07T23:38:47.979Z ERROR 500 - Internal server error
2022-12-17T06:29:18.127Z ERROR 500 - OK
2023-09-01T15:02:15.820Z ERROR 503 - Internal server error
2022-05-18T19:58:52.298Z ERROR 500 - OK
2022-12-16T23:36:14.508Z INFO 500 - Service unavailable
2022-01-29T12:18:39.266Z WARNING 404 - Internal server error
2023-11-07T19:33:57.020Z INFO 503 - Service unavailable
2023-07-28T03:24:23.736Z WARNING 404 - Internal server error
2022-02-02T10:40:15.936Z ERROR 500 - Internal server error
2022-03-09T04:25:59.401Z ERROR 500 - Page not found
2022-11-13T11:34:00.182Z ERROR 401 - OK
2022-04-04T21:23:29.562Z WARNING 500 - Unauthorized access attempt
2022-01-10T12:09:14.075Z WARNING 200 - OK
2022-05-05T06:45:14.414Z ERROR 503 - Page not found
2023-02-10T23:31:16.783Z WARNING 503 - Page not found
2022-08-03T05:30:24.113Z WARNING 500 - Unauthorized access attempt
2023-12-29T14:45:48.716Z INFO 500 - Service unavailable
2023-12-27T20:25:03.657Z ERROR 404 - Unauthorized access attempt
2023-02-15T08:17:24.304Z ERROR 200 - OK
2022-11-02T03:49:26.928Z INFO 500 - Service unavailable
2023-04-17T04:58:14.353Z INFO 401 - OK
2023-07-10T14:15:55.181Z INFO 404 - OK
2022-01-18T23:55:21.797Z ERROR 503 - Page not found
2023-05-03T02:00:48.453Z ERROR 404 - OK
2022-10-25T03:30:19.859Z INFO 500 - Internal server error
2023-02-16T11:48:39.737Z INFO 500 - Page not found
2023-09-22T12:24:49.366Z ERROR 500 - OK
2022-08-10T18:49:34.478Z ERROR 500 - Page not found
2022-01-14T03:43:18.131Z WARNING 404 - Page not found
2022-07-05T19:46:51.281Z INFO 503 - Unauthorized access attempt
2023-03-19T15:20:29.136Z INFO 500 - Internal server error
2023-08-10T12:29:22.061Z INFO 503 - Service unavailable
2022-03-11T19:34:58.847Z WARNING 200 - Unauthorized access attempt
2022-07-26T06:41:14.349Z INFO 401 - Service unavailable
2023-09-16T16:30:31.024Z INFO 500 - Service unavailable
2022-06-18T23:24:55.946Z WARNING 404 - Service unavailable
2023-04-23T15:45:16.967Z INFO 500 - Service unavailable
2023-08-31T23:56:10.178Z WARNING 500 - OK
2023-09-20T04:13:23.586Z ERROR 500 - Service unavailable
2022-07-04T22:06:37.495Z ERROR 401 - OK
2023-01-18T15:49:34.916Z INFO 401 - Internal server error
2023-10-29T22:03:52.808Z WARNING 200 - Page not found
2023-06-14T06:38:50.116Z WARNING 500 - Service unavailable
2023-12-06T21:49:21.552Z INFO 500 - Service unavailable
2023-04-30T04:02:17.196Z INFO 500 - Unauthorized access attempt
2022-07-05T15:53:42.507Z ERROR 503 - Internal server error
2022-03-03T16:49:34.888Z INFO 404 - OK
2023-11-26T21:36:00.245Z WARNING 200 - Internal server error
2023-09-22T07:50:17.557Z INFO 503 - Unauthorized access attempt
2023-06-13T08:47:50.991Z WARNING 503 - Internal server error
2022-09-27T20:12:11.966Z WARNING 500 - OK
2022-04-14T07:50:58.891Z WARNING 200 - Unauthorized access attempt
2023-02-10T09:38:04.864Z INFO 200 - OK
2023-02-06T02:10:32.120Z WARNING 404 - Page not found
2022-01-27T20:14:29.129Z ERROR 401 - OK
2022-03-13T03:39:18.874Z INFO 500 - OK
2023-03-07T00:33:24.036Z WARNING 500 - Unauthorized access attempt
2023-05-02T07:39:06.205Z INFO 404 - Internal server error
2022-08-13T10:50:06.151Z ERROR 401 - OK
2023-08-22T08:49:54.358Z INFO 404 - Internal server error
2023-11-21T14:38:30.939Z ERROR 503 - Internal server error
2023-12-06T23:14:20.298Z INFO 503 - Service unavailable
2023-12-16T22:33:35.829Z WARNING 404 - Page not found
2023-11-27T06:49:26.057Z ERROR 500 - Service unavailable
2022-06-29T03:04:32.844Z WARNING 401 - OK
2022-05-11T13:44:00.522Z WARNING 500 - Internal server error
2023-12-04T00:50:02.267Z INFO 200 - Unauthorized access attempt
2023-11-29T03:58:54.654Z INFO 404 - Internal server error
2023-04-30T10:52:39.183Z INFO 200 - Page not found
2022-09-16T21:21:11.203Z WARNING 500 - Service unavailable
2023-11-15T16:09:10.562Z INFO 500 - Unauthorized access attempt
2022-07-05T21:11:52.442Z WARNING 500 - Internal server error
2022-09-22T14:02:19.972Z WARNING 503 - OK
2022-08-04T14:35:53.260Z ERROR 503 - Unauthorized access attempt
2023-08-13T17:44:59.540Z ERROR 500 - Service unavailable
2023-11-12T12:15:02.749Z INFO 200 - Unauthorized access attempt
2023-06-23T18:23:12.521Z INFO 500 - OK
2022-08-28T22:43:27.249Z WARNING 500 - Internal server error
2023-10-18T01:14:26.149Z INFO 503 - Unauthorized access attempt
2023-02-27T07:36:01.567Z ERROR 404 - OK
2022-03-11T01:00:07.878Z INFO 503 - Internal server error
2023-06-27T02:22:26.517Z ERROR 401 - Page not found
2022-09-09T05:31:00.109Z ERROR 404 - Unauthorized access attempt
2023-08-16T18:58:01.704Z WARNING 500 - Page not found
2022-07-01T04:25:53.871Z WARNING 404 - Unauthorized access attempt
2022-03-14T14:18:52.166Z WARNING 503 - Unauthorized access attempt
2023-03-10T18:34:20.033Z WARNING 200 - Unauthorized access attempt
2022-06-14T15:57:26.663Z ERROR 503 - Internal server error
2023-04-14T15:21:38.312Z ERROR 404 - Page not found
2023-08-03T19:32:29.729Z ERROR 500 - Unauthorized access attempt
2022-08-21T07:45:03.966Z INFO 500 - Internal server error
2022-02-22T02:19:56.748Z INFO 404 - Unauthorized access attempt
2022-06-13T08:07:36.849Z WARNING 503 - OK
2023-09-11T18:10:52.657Z ERROR 503 - OK
2023-03-10T19:36:24.318Z ERROR 503 - Page not found
2023-06-26T05:40:42.493Z ERROR 404 - Unauthorized access attempt
2022-09-30T08:12:36.348Z INFO 503 - Unauthorized access attempt
2023-02-18T13:44:36.388Z INFO 200 - Page not found
2022-12-01T02:34:04.590Z WARNING 503 - Page not found
2022-12-12T06:55:53.181Z ERROR 404 - Internal server error
2022-08-04T13:26:45.207Z WARNING 500 - Unauthorized access attempt
2023-07-28T15:38:54.547Z INFO 500 - Page not found
2022-11-09T18:33:02.875Z WARNING 200 - Service unavailable
2022-07-24T21:47:06.490Z WARNING 401 - OK
2022-05-27T00:13:14.746Z WARNING 401 - OK
2022-08-17T21:12:18.017Z ERROR 401 - Internal server error
2023-12-22T01:12:35.855Z INFO 500 - Unauthorized access attempt
2022-03-30T13:16:39.693Z WARNING 200 - Unauthorized access attempt
2023-05-07T04:45:28.062Z ERROR 401 - Internal server error
2022-09-23T10:07:15.735Z WARNING 500 - OK
2022-04-03T08:24:19.545Z WARNING 500 - Page not found
2023-04-15T20:52:54.843Z INFO 200 - OK
2022-08-24T17:07:19.354Z INFO 404 - Page not found
2023-12-11T02:26:45.055Z ERROR 500 - Service unavailable
2023-02-25T23:33:54.755Z WARNING 500 - Internal server error
2022-07-30T09:20:54.221Z INFO 404 - OK
2022-09-17T05:28:56.284Z ERROR 401 - Service unavailable
2022-02-09T09:35:35.334Z ERROR 404 - Internal server error
2022-07-20T17:47:19.081Z ERROR 401 - Service unavailable
2022-02-02T13:06:26.458Z ERROR 401 - Unauthorized access attempt
2023-11-23T09:13:24.870Z INFO 401 - Page not found
2023-07-22T13:59:41.761Z INFO 503 - Page not found
2023-04-18T01:32:18.130Z INFO 500 - OK
2022-12-31T03:57:50.871Z WARNING 401 - Internal server error
2023-02-05T22:27:05.183Z WARNING 404 - Unauthorized access attempt
2022-11-26T06:36:40.019Z ERROR 503 - Internal server error
2023-07-11T19:33:26.729Z ERROR 503 - Page not found
2023-01-30T08:02:17.828Z ERROR 404 - Service unavailable
2022-10-01T23:59:16.154Z INFO 401 - Service unavailable
2023-05-28T16:27:29.053Z INFO 503 - Unauthorized access attempt
2022-07-21T21:53:37.183Z INFO 401 - Page not found
2023-12-19T21:20:18.115Z ERROR 500 - OK
2022-12-24T11:54:22.098Z ERROR 503 - Page not found
2022-02-11T16:22:52.420Z INFO 500 - OK
2023-08-15T14:40:06.346Z ERROR 404 - Internal server error
2022-10-16T22:34:18.454Z WARNING 500 - OK
2023-02-16T23:08:42.679Z INFO 503 - OK
2023-06-01T09:06:25.129Z INFO 200 - Unauthorized access attempt
2023-12-18T12:17:21.227Z INFO 200 - OK
2023-12-23T12:07:56.982Z INFO 404 - OK
2022-01-11T20:10:54.236Z WARNING 200 - Page not found
2023-07-14T23:41:20.096Z ERROR 404 - Unauthorized access attempt
2023-05-30T17:29:30.596Z WARNING 200 - Page not found
2022-08-27T09:12:44.435Z ERROR 200 - OK
2022-03-16T12:54:55.925Z WARNING 404 - Service unavailable
